<?xml version="1.0" encoding="utf-8"?><testsuite errors="0" failures="0" name="pytest" skips="0" tests="7" time="0.442"><testcase classname="pytests.test_index" file="pytests/test_index.py" line="8" name="test_italy" time="0.0010292530059814453"></testcase><testcase classname="pytests.test_index" file="pytests/test_index.py" line="11" name="test_mexico" time="0.0007216930389404297"></testcase><testcase classname="pytests.test_index" file="pytests/test_index.py" line="14" name="test_kindof_neighbors" time="0.0008065700531005859"></testcase><testcase classname="pytests.test_index" file="pytests/test_index.py" line="17" name="test_malta_presence" time="0.0009202957153320312"></testcase><testcase classname="pytests.test_index" file="pytests/test_index.py" line="20" name="test_new_mexico_presence" time="0.0007288455963134766"></testcase><testcase classname="pytests.test_index" file="pytests/test_index.py" line="23" name="test_unique_countries" time="0.0006961822509765625"></testcase><testcase classname="pytests.test_index" file="pytests/test_index.py" line="26" name="test_num_repeats" time="0.0007493495941162109"></testcase></testsuite>