<?xml version="1.0" encoding="utf-8"?><testsuite errors="0" failures="2" name="pytest" skips="0" tests="7" time="0.392"><testcase classname="pytests.test_index" file="pytests/test_index.py" line="8" name="test_italy" time="0.0009243488311767578"></testcase><testcase classname="pytests.test_index" file="pytests/test_index.py" line="11" name="test_mexico" time="0.002099275588989258"><failure message="AssertionError: assert &apos;USA&apos; == &apos;Mexico&apos;
  - USA
  + Mexico">def test_mexico():
&gt;       assert mexico == &apos;Mexico&apos;
E       AssertionError: assert &apos;USA&apos; == &apos;Mexico&apos;
E         - USA
E         + Mexico

pytests/test_index.py:13: AssertionError</failure></testcase><testcase classname="pytests.test_index" file="pytests/test_index.py" line="14" name="test_kindof_neighbors" time="0.0013308525085449219"><failure message="AssertionError: assert [&apos;Argentina&apos;, &apos;Mexico&apos;, &apos;USA&apos;] == [&apos;USA&apos;, &apos;Argen...exico&apos;, &apos;USA&apos;]
  At index 0 diff: &apos;Argentina&apos; != &apos;USA&apos;
  Right contains more items, first extra item: &apos;USA&apos;
  Use -v to get the full diff">def test_kindof_neighbors():
&gt;       assert kindof_neighbors == [&apos;USA&apos;, &apos;Argentina&apos;, &apos;Mexico&apos;, &apos;USA&apos;]
E       AssertionError: assert [&apos;Argentina&apos;, &apos;Mexico&apos;, &apos;USA&apos;] == [&apos;USA&apos;, &apos;Argen...exico&apos;, &apos;USA&apos;]
E         At index 0 diff: &apos;Argentina&apos; != &apos;USA&apos;
E         Right contains more items, first extra item: &apos;USA&apos;
E         Use -v to get the full diff

pytests/test_index.py:16: AssertionError</failure></testcase><testcase classname="pytests.test_index" file="pytests/test_index.py" line="17" name="test_malta_presence" time="0.0006139278411865234"></testcase><testcase classname="pytests.test_index" file="pytests/test_index.py" line="20" name="test_new_mexico_presence" time="0.0005331039428710938"></testcase><testcase classname="pytests.test_index" file="pytests/test_index.py" line="23" name="test_unique_countries" time="0.0005483627319335938"></testcase><testcase classname="pytests.test_index" file="pytests/test_index.py" line="26" name="test_num_repeats" time="0.0005598068237304688"></testcase></testsuite>